app/build/outputs/logs/manifest-merger-debug-report.txt
-- Merging decision tree log ---
manifest
ADDED from src/main/AndroidManifest.xml:2:1-123:12
	package
		ADDED from src/main/AndroidManifest.xml:3:5-32
		INJECTED from src/main/AndroidManifest.xml
		INJECTED from src/main/AndroidManifest.xml
	android:versionName
		INJECTED from src/main/AndroidManifest.xml
		INJECTED from src/main/AndroidManifest.xml
	xmlns:android
		ADDED from src/main/AndroidManifest.xml:2:11-69
	android:versionCode
		INJECTED from src/main/AndroidManifest.xml
		INJECTED from src/main/AndroidManifest.xml
	android:installLocation
		ADDED from src/main/AndroidManifest.xml:4:5-35
uses-permission#android.permission.INTERNET
ADDED from src/main/AndroidManifest.xml:7:5-67
	android:name
		ADDED from src/main/AndroidManifest.xml:7:22-64
uses-permission#android.permission.ACCESS_NETWORK_STATE
ADDED from src/main/AndroidManifest.xml:8:5-79
	android:name
		ADDED from src/main/AndroidManifest.xml:8:22-76
uses-permission#android.permission.WRITE_EXTERNAL_STORAGE
ADDED from src/main/AndroidManifest.xml:9:5-81
	android:name
		ADDED from src/main/AndroidManifest.xml:9:22-78
uses-permission#android.permission.WRITE_SETTINGS
ADDED from src/main/AndroidManifest.xml:10:5-73
	android:name
		ADDED from src/main/AndroidManifest.xml:10:22-70
application
ADDED from src/main/AndroidManifest.xml:12:5-122:19
MERGED from [com.android.support:appcompat-v7:23.0.1] AndroidManifest.xml:22:5-20
MERGED from [com.android.support:support-v4:23.0.1] AndroidManifest.xml:22:5-20
MERGED from [com.android.support:support-v4:23.0.1] AndroidManifest.xml:22:5-20
MERGED from [com.pnikosis:materialish-progress:1.5] AndroidManifest.xml:11:5-20
MERGED from [com.android.support:appcompat-v7:23.0.1] AndroidManifest.xml:22:5-20
MERGED from [com.android.support:support-v4:23.0.1] AndroidManifest.xml:22:5-20
MERGED from [com.android.support:appcompat-v7:23.0.1] AndroidManifest.xml:22:5-20
MERGED from [com.android.support:support-v4:23.0.1] AndroidManifest.xml:22:5-20
MERGED from [com.android.support:design:23.0.1] AndroidManifest.xml:22:5-20
MERGED from [com.android.support:support-v4:23.0.1] AndroidManifest.xml:22:5-20
MERGED from [com.android.support:appcompat-v7:23.0.1] AndroidManifest.xml:22:5-20
MERGED from [com.android.support:support-v4:23.0.1] AndroidManifest.xml:22:5-20
MERGED from [com.android.support:cardview-v7:23.0.1] AndroidManifest.xml:22:5-20
MERGED from [com.android.support:support-v4:23.0.1] AndroidManifest.xml:22:5-20
	android:label
		ADDED from src/main/AndroidManifest.xml:16:9-41
	android:fullBackupContent
		ADDED from src/main/AndroidManifest.xml:14:9-41
	android:allowBackup
		ADDED from src/main/AndroidManifest.xml:13:9-35
	android:icon
		ADDED from src/main/AndroidManifest.xml:15:9-43
	android:theme
		ADDED from src/main/AndroidManifest.xml:17:9-40
activity#com.badr.infodota.base.activity.SteamLoginActivity
ADDED from src/main/AndroidManifest.xml:19:9-22:52
	android:configChanges
		ADDED from src/main/AndroidManifest.xml:21:13-74
	android:theme
		ADDED from src/main/AndroidManifest.xml:22:13-49
	android:name
		ADDED from src/main/AndroidManifest.xml:20:13-61
activity#com.badr.infodota.base.activity.LoaderActivity
ADDED from src/main/AndroidManifest.xml:24:9-30:20
	android:screenOrientation
		ADDED from src/main/AndroidManifest.xml:28:13-55
	android:launchMode
		ADDED from src/main/AndroidManifest.xml:27:13-48
	android:configChanges
		ADDED from src/main/AndroidManifest.xml:26:13-74
	android:theme
		ADDED from src/main/AndroidManifest.xml:29:13-49
	android:name
		ADDED from src/main/AndroidManifest.xml:25:13-57
activity#com.badr.infodota.base.activity.ListHolderActivity
ADDED from src/main/AndroidManifest.xml:31:9-39:20
	android:windowSoftInputMode
		ADDED from src/main/AndroidManifest.xml:34:13-56
	android:configChanges
		ADDED from src/main/AndroidManifest.xml:33:13-74
	android:name
		ADDED from src/main/AndroidManifest.xml:32:13-61
intent-filter#android.intent.action.MAIN+android.intent.category.LAUNCHER
ADDED from src/main/AndroidManifest.xml:35:13-38:29
action#android.intent.action.MAIN
ADDED from src/main/AndroidManifest.xml:36:17-69
	android:name
		ADDED from src/main/AndroidManifest.xml:36:25-66
category#android.intent.category.LAUNCHER
ADDED from src/main/AndroidManifest.xml:37:17-77
	android:name
		ADDED from src/main/AndroidManifest.xml:37:27-74
activity#com.badr.infodota.hero.activity.HeroInfoActivity
ADDED from src/main/AndroidManifest.xml:40:9-42:71
	android:configChanges
		ADDED from src/main/AndroidManifest.xml:42:13-68
	android:name
		ADDED from src/main/AndroidManifest.xml:41:13-59
activity#com.badr.infodota.hero.activity.GuideActivity
ADDED from src/main/AndroidManifest.xml:43:9-45:71
	android:configChanges
		ADDED from src/main/AndroidManifest.xml:45:13-68
	android:name
		ADDED from src/main/AndroidManifest.xml:44:13-56
activity#com.badr.infodota.item.activity.ItemInfoActivity
ADDED from src/main/AndroidManifest.xml:46:9-48:71
	android:configChanges
		ADDED from src/main/AndroidManifest.xml:48:13-68
	android:name
		ADDED from src/main/AndroidManifest.xml:47:13-59
activity#com.badr.infodota.match.activity.MatchDetailsActivity
ADDED from src/main/AndroidManifest.xml:49:9-51:71
	android:configChanges
		ADDED from src/main/AndroidManifest.xml:51:13-68
	android:name
		ADDED from src/main/AndroidManifest.xml:50:13-64
activity#com.badr.infodota.player.activity.PlayerInfoActivity
ADDED from src/main/AndroidManifest.xml:52:9-55:57
	android:windowSoftInputMode
		ADDED from src/main/AndroidManifest.xml:55:13-54
	android:configChanges
		ADDED from src/main/AndroidManifest.xml:54:13-68
	android:name
		ADDED from src/main/AndroidManifest.xml:53:13-63
activity#com.badr.infodota.match.activity.MatchPlayerDetailsActivity
ADDED from src/main/AndroidManifest.xml:56:9-58:71
	android:configChanges
		ADDED from src/main/AndroidManifest.xml:58:13-68
	android:name
		ADDED from src/main/AndroidManifest.xml:57:13-70
activity#com.badr.infodota.base.activity.AboutActivity
ADDED from src/main/AndroidManifest.xml:59:9-61:71
	android:configChanges
		ADDED from src/main/AndroidManifest.xml:61:13-68
	android:name
		ADDED from src/main/AndroidManifest.xml:60:13-56
activity#com.badr.infodota.quiz.activity.QuizActivity
ADDED from src/main/AndroidManifest.xml:62:9-64:71
	android:configChanges
		ADDED from src/main/AndroidManifest.xml:64:13-68
	android:name
		ADDED from src/main/AndroidManifest.xml:63:13-55
activity#com.badr.infodota.hero.activity.GuideCreatorActivity
ADDED from src/main/AndroidManifest.xml:65:9-67:71
	android:configChanges
		ADDED from src/main/AndroidManifest.xml:67:13-68
	android:name
		ADDED from src/main/AndroidManifest.xml:66:13-63
activity#com.badr.infodota.item.activity.ItemSelectActivity
ADDED from src/main/AndroidManifest.xml:68:9-70:71
	android:configChanges
		ADDED from src/main/AndroidManifest.xml:70:13-68
	android:name
		ADDED from src/main/AndroidManifest.xml:69:13-61
activity#com.badr.infodota.player.activity.PlayerByHeroStatsActivity
ADDED from src/main/AndroidManifest.xml:71:9-73:71
	android:configChanges
		ADDED from src/main/AndroidManifest.xml:73:13-68
	android:name
		ADDED from src/main/AndroidManifest.xml:72:13-70
activity#com.badr.infodota.player.activity.PlayerCommonStatsActivity
ADDED from src/main/AndroidManifest.xml:74:9-76:71
	android:configChanges
		ADDED from src/main/AndroidManifest.xml:76:13-68
	android:name
		ADDED from src/main/AndroidManifest.xml:75:13-70
activity#com.badr.infodota.cosmetic.activity.CosmeticItemDetailsActivity
ADDED from src/main/AndroidManifest.xml:77:9-79:71
	android:configChanges
		ADDED from src/main/AndroidManifest.xml:79:13-68
	android:name
		ADDED from src/main/AndroidManifest.xml:78:13-74
activity#com.badr.infodota.stream.activity.TwitchPlayActivity
ADDED from src/main/AndroidManifest.xml:80:9-84:64
	android:screenOrientation
		ADDED from src/main/AndroidManifest.xml:83:13-50
	android:configChanges
		ADDED from src/main/AndroidManifest.xml:82:13-68
	android:theme
		ADDED from src/main/AndroidManifest.xml:84:13-61
	android:name
		ADDED from src/main/AndroidManifest.xml:81:13-63
activity#com.badr.infodota.counter.activity.CounterPickerHeroesSelectActivity
ADDED from src/main/AndroidManifest.xml:85:9-93:20
	android:windowSoftInputMode
		ADDED from src/main/AndroidManifest.xml:89:13-56
	android:configChanges
		ADDED from src/main/AndroidManifest.xml:87:13-74
	android:uiOptions
		ADDED from src/main/AndroidManifest.xml:88:13-57
	android:name
		ADDED from src/main/AndroidManifest.xml:86:13-79
meta-data#android.support.UI_OPTIONS
ADDED from src/main/AndroidManifest.xml:90:13-92:60
	android:value
		ADDED from src/main/AndroidManifest.xml:92:17-57
	android:name
		ADDED from src/main/AndroidManifest.xml:91:17-58
activity#com.badr.infodota.news.activity.NewsItemActivity
ADDED from src/main/AndroidManifest.xml:95:9-97:71
	android:configChanges
		ADDED from src/main/AndroidManifest.xml:97:13-68
	android:name
		ADDED from src/main/AndroidManifest.xml:96:13-59
activity#com.badr.infodota.joindota.activity.LeagueGameActivity
ADDED from src/main/AndroidManifest.xml:99:9-101:71
	android:configChanges
		ADDED from src/main/AndroidManifest.xml:101:13-68
	android:name
		ADDED from src/main/AndroidManifest.xml:100:13-65
activity#com.badr.infodota.trackdota.activity.TrackdotaGameInfoActivity
ADDED from src/main/AndroidManifest.xml:102:9-104:71
	android:configChanges
		ADDED from src/main/AndroidManifest.xml:104:13-68
	android:name
		ADDED from src/main/AndroidManifest.xml:103:13-73
activity#com.badr.infodota.trackdota.activity.TrackdotaLeagueInfoActivity
ADDED from src/main/AndroidManifest.xml:105:9-107:70
	android:configChanges
		ADDED from src/main/AndroidManifest.xml:107:13-68
	android:name
		ADDED from src/main/AndroidManifest.xml:106:13-75
activity#com.badr.infodota.base.activity.TI4Activity
ADDED from src/main/AndroidManifest.xml:108:9-110:71
	android:configChanges
		ADDED from src/main/AndroidManifest.xml:110:13-68
	android:name
		ADDED from src/main/AndroidManifest.xml:109:13-54
activity#com.util.infoparser.InfoParserActivity
ADDED from src/main/AndroidManifest.xml:111:9-112:70
	android:configChanges
		ADDED from src/main/AndroidManifest.xml:112:13-68
	android:name
		ADDED from src/main/AndroidManifest.xml:111:19-72
service#com.octo.android.robospice.UncachedSpiceService
ADDED from src/main/AndroidManifest.xml:116:9-117:39
	android:exported
		ADDED from src/main/AndroidManifest.xml:117:13-37
	android:name
		ADDED from src/main/AndroidManifest.xml:116:18-80
service#com.badr.infodota.base.service.LocalSpiceService
ADDED from src/main/AndroidManifest.xml:118:9-120:39
	android:exported
		ADDED from src/main/AndroidManifest.xml:120:13-37
	android:name
		ADDED from src/main/AndroidManifest.xml:119:13-59
uses-sdk
INJECTED from src/main/AndroidManifest.xml reason: use-sdk injection requested
MERGED from [com.android.support:appcompat-v7:23.0.1] AndroidManifest.xml:20:5-43
MERGED from [com.android.support:support-v4:23.0.1] AndroidManifest.xml:20:5-43
MERGED from [com.android.support:recyclerview-v7:23.0.1] AndroidManifest.xml:20:5-43
MERGED from [com.android.support:support-v4:23.0.1] AndroidManifest.xml:20:5-43
MERGED from [pl.droidsonroids.gif:android-gif-drawable:1.1.9] AndroidManifest.xml:6:5-8:41
MERGED from [com.pnikosis:materialish-progress:1.5] AndroidManifest.xml:7:5-9:41
MERGED from [com.android.support:appcompat-v7:23.0.1] AndroidManifest.xml:20:5-43
MERGED from [com.android.support:support-v4:23.0.1] AndroidManifest.xml:20:5-43
MERGED from [DOTAMOBILE:appbase:unspecified] AndroidManifest.xml:8:5-10:41
MERGED from [com.android.support:appcompat-v7:23.0.1] AndroidManifest.xml:20:5-43
MERGED from [com.android.support:support-v4:23.0.1] AndroidManifest.xml:20:5-43
MERGED from [com.android.support:design:23.0.1] AndroidManifest.xml:20:5-43
MERGED from [com.android.support:support-v4:23.0.1] AndroidManifest.xml:20:5-43
MERGED from [com.android.support:appcompat-v7:23.0.1] AndroidManifest.xml:20:5-43
MERGED from [com.android.support:support-v4:23.0.1] AndroidManifest.xml:20:5-43
MERGED from [com.android.support:cardview-v7:23.0.1] AndroidManifest.xml:20:5-43
MERGED from [com.android.support:recyclerview-v7:23.0.1] AndroidManifest.xml:20:5-43
MERGED from [com.android.support:support-v4:23.0.1] AndroidManifest.xml:20:5-43
MERGED from [jp.wasabeef:glide-transformations:1.2.1] AndroidManifest.xml:8:5-10:41
	android:targetSdkVersion
		INJECTED from src/main/AndroidManifest.xml
		INJECTED from src/main/AndroidManifest.xml
	android:minSdkVersion
		INJECTED from src/main/AndroidManifest.xml
		INJECTED from src/main/AndroidManifest.xml